2025-11-29 14:37:23,614 - INFO - Inicio del pipeline Restaurant Sales 
2025-11-29 14:37:23,615 - INFO - Cargando datos de ventas y redes sociales...
2025-11-29 14:37:23,644 - INFO - Datos cargados: ventas=10000, redes=300 filas
2025-11-29 14:37:23,644 - INFO - === Iniciando transformación de datos ===
2025-11-29 14:37:23,644 - INFO - Filas ventas: 10000, Filas social: 300
2025-11-29 14:37:23,654 - INFO - Calculando columna SALES = precio * cantidad...
2025-11-29 14:37:23,654 - INFO - Calculando sentimiento de posts...
2025-11-29 14:37:23,761 - INFO - Agregando datos de ventas...
2025-11-29 14:37:23,835 - INFO - Uniendo ventas + sentimiento social...
2025-11-29 14:37:23,838 - INFO - Transformación terminada. Filas finales: 367
2025-11-29 14:37:23,838 - INFO - === Fin transformación ===
2025-11-29 14:37:23,838 - INFO - Validando datos procesados...
2025-11-29 14:37:23,838 - INFO - Validación completada sin errores.
2025-11-29 14:37:23,847 - INFO - Datos procesados guardados en data/processed/merged_sales_social.csv
2025-11-29 14:37:23,847 - INFO - Pipeline ejecutado exitosamente 
2025-11-29 15:15:47,273 - INFO - Inicio del pipeline Restaurant Sales 
2025-11-29 15:15:47,279 - INFO - Cargando datos de ventas y redes sociales...
2025-11-29 15:15:47,334 - INFO - Datos cargados: ventas=10000, redes=300 filas
2025-11-29 15:15:47,336 - INFO - === Iniciando transformación de datos ===
2025-11-29 15:15:47,336 - INFO - Filas ventas: 10000, Filas social: 300
2025-11-29 15:15:47,374 - INFO - Calculando columna SALES = precio * cantidad...
2025-11-29 15:15:47,376 - INFO - Calculando sentimiento de posts...
2025-11-29 15:15:47,490 - INFO - Agregando datos de ventas...
2025-11-29 15:15:47,561 - INFO - Uniendo ventas + sentimiento social...
2025-11-29 15:15:47,566 - INFO - Transformación terminada. Filas finales: 367
2025-11-29 15:15:47,566 - INFO - === Fin transformación ===
2025-11-29 15:15:47,566 - INFO - Validando datos procesados...
2025-11-29 15:15:47,566 - INFO - Validación completada sin errores.
2025-11-29 15:15:47,576 - INFO - Datos procesados guardados en data/processed/merged_sales_social.csv
2025-11-29 15:15:47,576 - INFO - Pipeline ejecutado exitosamente 
2025-11-29 15:16:16,606 - INFO - Inicio del pipeline Restaurant Sales 
2025-11-29 15:16:16,608 - INFO - Cargando datos de ventas y redes sociales...
2025-11-29 15:16:16,629 - INFO - Datos cargados: ventas=10000, redes=300 filas
2025-11-29 15:16:16,629 - INFO - === Iniciando transformación de datos ===
2025-11-29 15:16:16,629 - INFO - Filas ventas: 10000, Filas social: 300
2025-11-29 15:16:16,639 - INFO - Calculando columna SALES = precio * cantidad...
2025-11-29 15:16:16,639 - INFO - Calculando sentimiento de posts...
2025-11-29 15:16:16,745 - INFO - Agregando datos de ventas...
2025-11-29 15:16:16,808 - INFO - Uniendo ventas + sentimiento social...
2025-11-29 15:16:16,810 - INFO - Transformación terminada. Filas finales: 367
2025-11-29 15:16:16,810 - INFO - === Fin transformación ===
2025-11-29 15:16:16,810 - INFO - Validando datos procesados...
2025-11-29 15:16:16,810 - INFO - Validación completada sin errores.
2025-11-29 15:16:16,813 - INFO - Datos procesados guardados en data/processed/merged_sales_social.csv
2025-11-29 15:16:16,813 - INFO - Pipeline ejecutado exitosamente 
